TN:
SF:script/DeployProxy.s.sol
FN:12,DeployProxy.run
FNDA:0,DeployProxy.run
DA:13,0
DA:15,0
DA:18,0
DA:19,0
DA:20,0
DA:23,0
DA:25,0
DA:26,0
DA:27,0
DA:28,0
DA:29,0
FNF:1
FNH:0
LF:11
LH:0
BRF:0
BRH:0
end_of_record
TN:
SF:script/UpgradeLogic.s.sol
FN:9,UpgradeLogic.run
FNDA:0,UpgradeLogic.run
DA:11,0
DA:12,0
DA:15,0
DA:18,0
DA:19,0
BRDA:18,0,0,-
BRDA:18,0,1,-
DA:20,0
DA:21,0
DA:25,0
DA:26,0
DA:27,0
DA:30,0
DA:32,0
DA:34,0
DA:35,0
DA:36,0
DA:37,0
DA:38,0
FNF:1
FNH:0
LF:17
LH:0
BRF:2
BRH:0
end_of_record
TN:
SF:src/TrustedHintRegistry.sol
FN:30,TrustedHintRegistry.initialize
FNDA:2,TrustedHintRegistry.initialize
DA:31,2
DA:32,2
DA:33,2
DA:34,2
DA:35,2
DA:36,2
DA:37,2
DA:38,2
FN:62,TrustedHintRegistry.getHint
FNDA:90,TrustedHintRegistry.getHint
DA:63,90
FN:74,TrustedHintRegistry._setHint
FNDA:75,TrustedHintRegistry._setHint
DA:75,75
DA:76,75
FN:86,TrustedHintRegistry.setHint
FNDA:8,TrustedHintRegistry.setHint
DA:87,4
FN:98,TrustedHintRegistry.setHint
FNDA:3,TrustedHintRegistry.setHint
DA:99,1
DA:100,1
FN:112,TrustedHintRegistry.setHintSigned
FNDA:4,TrustedHintRegistry.setHintSigned
DA:113,3
DA:122,3
DA:123,3
BRDA:123,0,0,2
BRDA:123,0,1,1
DA:124,1
DA:125,1
FN:138,TrustedHintRegistry.setHintSigned
FNDA:4,TrustedHintRegistry.setHintSigned
DA:139,3
DA:149,3
DA:150,3
BRDA:150,1,0,2
BRDA:150,1,1,1
DA:151,1
DA:152,1
DA:153,1
FN:163,TrustedHintRegistry._setHints
FNDA:4,TrustedHintRegistry._setHints
DA:164,4
DA:165,24
FN:176,TrustedHintRegistry._setHints
FNDA:4,TrustedHintRegistry._setHints
DA:177,4
DA:178,40
DA:179,40
FN:191,TrustedHintRegistry.setHints
FNDA:3,TrustedHintRegistry.setHints
DA:192,1
FN:203,TrustedHintRegistry.setHints
FNDA:3,TrustedHintRegistry.setHints
DA:204,1
FN:216,TrustedHintRegistry.setHintsSigned
FNDA:4,TrustedHintRegistry.setHintsSigned
DA:217,3
DA:226,3
DA:227,3
BRDA:227,2,0,2
BRDA:227,2,1,1
DA:228,1
DA:229,1
FN:242,TrustedHintRegistry.setHintsSigned
FNDA:4,TrustedHintRegistry.setHintsSigned
DA:243,3
DA:253,3
DA:254,3
BRDA:254,3,0,2
BRDA:254,3,1,1
DA:255,1
DA:256,1
FN:268,TrustedHintRegistry.setHintDelegated
FNDA:3,TrustedHintRegistry.setHintDelegated
DA:269,1
FN:280,TrustedHintRegistry.setHintDelegated
FNDA:3,TrustedHintRegistry.setHintDelegated
DA:281,1
DA:282,1
FN:294,TrustedHintRegistry.setHintDelegatedSigned
FNDA:3,TrustedHintRegistry.setHintDelegatedSigned
DA:295,2
DA:304,2
DA:305,2
BRDA:305,4,0,1
BRDA:305,4,1,1
DA:306,1
DA:307,1
FN:320,TrustedHintRegistry.setHintDelegatedSigned
FNDA:3,TrustedHintRegistry.setHintDelegatedSigned
DA:321,2
DA:331,2
DA:332,2
BRDA:332,5,0,1
BRDA:332,5,1,1
DA:333,1
DA:334,1
DA:335,1
FN:345,TrustedHintRegistry.setHintsDelegated
FNDA:3,TrustedHintRegistry.setHintsDelegated
DA:346,1
FN:357,TrustedHintRegistry.setHintsDelegated
FNDA:3,TrustedHintRegistry.setHintsDelegated
DA:358,1
FN:370,TrustedHintRegistry.setHintsDelegatedSigned
FNDA:3,TrustedHintRegistry.setHintsDelegatedSigned
DA:371,2
DA:380,2
DA:381,2
BRDA:381,6,0,1
BRDA:381,6,1,1
DA:382,1
DA:383,1
FN:396,TrustedHintRegistry.setHintsDelegatedSigned
FNDA:3,TrustedHintRegistry.setHintsDelegatedSigned
DA:397,2
DA:407,2
DA:408,2
BRDA:408,7,0,1
BRDA:408,7,1,1
DA:409,1
DA:410,1
FN:421,TrustedHintRegistry._setListStatus
FNDA:2,TrustedHintRegistry._setListStatus
DA:422,2
DA:423,2
FN:432,TrustedHintRegistry.setListStatus
FNDA:3,TrustedHintRegistry.setListStatus
DA:433,1
FN:444,TrustedHintRegistry.setListStatusSigned
FNDA:4,TrustedHintRegistry.setListStatusSigned
DA:445,3
DA:453,3
DA:454,3
BRDA:454,8,0,2
BRDA:454,8,1,1
DA:455,1
DA:456,1
FN:465,TrustedHintRegistry._setListOwner
FNDA:5,TrustedHintRegistry._setListOwner
DA:466,5
DA:467,5
FN:476,TrustedHintRegistry.setListOwner
FNDA:5,TrustedHintRegistry.setListOwner
DA:477,3
FN:488,TrustedHintRegistry.setListOwnerSigned
FNDA:5,TrustedHintRegistry.setListOwnerSigned
DA:489,4
DA:497,4
DA:498,4
BRDA:498,9,0,2
BRDA:498,9,1,2
DA:499,2
DA:500,2
FN:510,TrustedHintRegistry._addListDelegate
FNDA:26,TrustedHintRegistry._addListDelegate
DA:511,26
BRDA:511,10,0,2
BRDA:511,10,1,24
DA:512,24
DA:513,24
FN:523,TrustedHintRegistry.addListDelegate
FNDA:26,TrustedHintRegistry.addListDelegate
DA:524,24
FN:536,TrustedHintRegistry.addListDelegateSigned
FNDA:5,TrustedHintRegistry.addListDelegateSigned
DA:537,4
DA:546,4
DA:547,4
BRDA:547,11,0,2
BRDA:547,11,1,2
DA:548,2
DA:549,2
FN:558,TrustedHintRegistry._removeListDelegate
FNDA:2,TrustedHintRegistry._removeListDelegate
DA:559,2
DA:560,2
FN:569,TrustedHintRegistry.removeListDelegate
FNDA:3,TrustedHintRegistry.removeListDelegate
DA:570,1
FN:581,TrustedHintRegistry.removeListDelegateSigned
FNDA:4,TrustedHintRegistry.removeListDelegateSigned
DA:582,3
DA:590,3
DA:591,3
BRDA:591,12,0,2
BRDA:591,12,1,1
DA:592,1
DA:593,1
FN:605,TrustedHintRegistry.setMetadata
FNDA:3,TrustedHintRegistry.setMetadata
DA:606,1
FN:619,TrustedHintRegistry.setMetadataSigned
FNDA:0,TrustedHintRegistry.setMetadataSigned
DA:620,0
DA:621,0
DA:631,0
DA:632,0
BRDA:632,13,0,-
BRDA:632,13,1,-
DA:633,0
DA:634,0
DA:635,0
FN:646,TrustedHintRegistry.setMetadataDelegated
FNDA:0,TrustedHintRegistry.setMetadataDelegated
DA:647,0
FN:660,TrustedHintRegistry.setMetadataDelegatedSigned
FNDA:0,TrustedHintRegistry.setMetadataDelegatedSigned
DA:661,0
DA:671,0
DA:672,0
BRDA:672,14,0,-
BRDA:672,14,1,-
DA:673,0
DA:674,0
DA:675,0
FN:680,TrustedHintRegistry.version
FNDA:3,TrustedHintRegistry.version
DA:681,5
FN:684,TrustedHintRegistry.generateListLocationHash
FNDA:455,TrustedHintRegistry.generateListLocationHash
DA:685,455
FN:688,TrustedHintRegistry.generateValueLocationHash
FNDA:45,TrustedHintRegistry.generateValueLocationHash
DA:689,45
FN:692,TrustedHintRegistry.identityIsOwner
FNDA:48,TrustedHintRegistry.identityIsOwner
DA:693,131
DA:694,131
BRDA:694,15,0,58
BRDA:694,15,1,73
DA:695,58
DA:696,73
BRDA:696,16,0,6
BRDA:696,16,1,67
DA:697,6
DA:699,67
FN:702,TrustedHintRegistry.identityIsDelegate
FNDA:271,TrustedHintRegistry.identityIsDelegate
DA:703,291
DA:704,291
BRDA:704,17,0,21
BRDA:704,17,1,270
DA:705,21
DA:707,270
FN:720,TrustedHintRegistry.pause
FNDA:26,TrustedHintRegistry.pause
DA:721,26
FN:724,TrustedHintRegistry.unpause
FNDA:1,TrustedHintRegistry.unpause
DA:725,1
FN:728,TrustedHintRegistry._authorizeUpgrade
FNDA:1,TrustedHintRegistry._authorizeUpgrade
FNF:45
FNH:42
LF:131
LH:117
BRF:36
BRH:32
end_of_record
TN:
SF:test/utils/Sig712Utils.sol
FN:107,Sig712Utils.getTypeHash
FNDA:46,Sig712Utils.getTypeHash
DA:108,46
BRDA:108,0,0,4
BRDA:108,0,1,42
DA:109,4
DA:110,42
BRDA:110,1,0,1
BRDA:110,1,1,41
DA:111,1
DA:112,41
BRDA:112,2,0,4
BRDA:112,2,1,37
DA:113,4
DA:114,37
BRDA:114,3,0,4
BRDA:114,3,1,33
DA:115,4
DA:116,33
BRDA:116,4,0,3
BRDA:116,4,1,30
DA:117,3
DA:118,30
BRDA:118,5,0,2
BRDA:118,5,1,28
DA:119,2
DA:120,28
BRDA:120,6,0,3
BRDA:120,6,1,25
DA:121,3
DA:122,25
BRDA:122,7,0,1
BRDA:122,7,1,24
DA:123,1
DA:124,24
BRDA:124,8,0,3
BRDA:124,8,1,21
DA:125,3
DA:126,21
BRDA:126,9,0,3
BRDA:126,9,1,18
DA:127,3
DA:128,18
BRDA:128,10,0,4
BRDA:128,10,1,14
DA:129,4
DA:130,14
BRDA:130,11,0,5
BRDA:130,11,1,9
DA:131,5
DA:132,9
BRDA:132,12,0,-
BRDA:132,12,1,9
DA:133,0
DA:134,9
BRDA:134,13,0,-
BRDA:134,13,1,9
DA:135,0
DA:136,9
BRDA:136,14,0,5
BRDA:136,14,1,4
DA:137,5
DA:138,4
BRDA:138,15,0,4
BRDA:138,15,1,-
DA:139,4
DA:141,0
FN:154,Sig712Utils.getSetHintStructHash
FNDA:4,Sig712Utils.getSetHintStructHash
DA:155,4
FN:173,Sig712Utils.getSetHintTypedDataHash
FNDA:4,Sig712Utils.getSetHintTypedDataHash
DA:174,4
DA:175,4
FN:193,Sig712Utils.getSetHintWithMetadataStructHash
FNDA:1,Sig712Utils.getSetHintWithMetadataStructHash
DA:194,1
FN:213,Sig712Utils.getSetHintWithMetadataTypedDataHash
FNDA:1,Sig712Utils.getSetHintWithMetadataTypedDataHash
DA:214,1
DA:215,1
FN:233,Sig712Utils.getSetHintsStructHash
FNDA:4,Sig712Utils.getSetHintsStructHash
DA:234,4
FN:252,Sig712Utils.getSetHintsTypedDataHash
FNDA:4,Sig712Utils.getSetHintsTypedDataHash
DA:253,4
DA:254,4
FN:272,Sig712Utils.getSetHintDelegatedStructHash
FNDA:3,Sig712Utils.getSetHintDelegatedStructHash
DA:273,3
FN:291,Sig712Utils.getSetHintDelegatedTypedDataHash
FNDA:3,Sig712Utils.getSetHintDelegatedTypedDataHash
DA:292,3
DA:293,3
FN:311,Sig712Utils.getSetHintDelegatedWithMetadataStructHash
FNDA:1,Sig712Utils.getSetHintDelegatedWithMetadataStructHash
DA:312,1
FN:331,Sig712Utils.getSetHintDelegatedWithMetadataTypedDataHash
FNDA:1,Sig712Utils.getSetHintDelegatedWithMetadataTypedDataHash
DA:332,1
DA:333,1
FN:351,Sig712Utils.getSetHintsDelegatedStructHash
FNDA:3,Sig712Utils.getSetHintsDelegatedStructHash
DA:352,3
FN:370,Sig712Utils.getSetHintsDelegatedTypedDataHash
FNDA:3,Sig712Utils.getSetHintsDelegatedTypedDataHash
DA:371,3
DA:372,3
FN:390,Sig712Utils.getSetHintsDelegatedWithMetadataStructHash
FNDA:3,Sig712Utils.getSetHintsDelegatedWithMetadataStructHash
DA:391,3
FN:410,Sig712Utils.getSetHintsDelegatedWithMetadataTypedDataHash
FNDA:3,Sig712Utils.getSetHintsDelegatedWithMetadataTypedDataHash
DA:411,3
DA:412,3
FN:431,Sig712Utils.getSetListStatusStructHash
FNDA:4,Sig712Utils.getSetListStatusStructHash
DA:432,4
FN:449,Sig712Utils.getSetListStatusTypedDataHash
FNDA:4,Sig712Utils.getSetListStatusTypedDataHash
DA:450,4
DA:451,4
FN:469,Sig712Utils.getSetListOwnerStructHash
FNDA:5,Sig712Utils.getSetListOwnerStructHash
DA:470,5
FN:487,Sig712Utils.getSetListOwnerTypedDataHash
FNDA:5,Sig712Utils.getSetListOwnerTypedDataHash
DA:488,5
DA:489,5
FN:507,Sig712Utils.getAddListDelegateStructHash
FNDA:5,Sig712Utils.getAddListDelegateStructHash
DA:508,5
FN:526,Sig712Utils.getAddListDelegateTypedDataHash
FNDA:5,Sig712Utils.getAddListDelegateTypedDataHash
DA:527,5
DA:528,5
FN:546,Sig712Utils.getRemoveListDelegateStructHash
FNDA:4,Sig712Utils.getRemoveListDelegateStructHash
DA:547,4
FN:564,Sig712Utils.getRemoveListDelegateTypedDataHash
FNDA:4,Sig712Utils.getRemoveListDelegateTypedDataHash
DA:565,4
DA:566,4
FN:584,Sig712Utils.getSetHintMetadataStructHash
FNDA:3,Sig712Utils.getSetHintMetadataStructHash
DA:585,3
FN:604,Sig712Utils.getSetHintMetadataTypedDataHash
FNDA:3,Sig712Utils.getSetHintMetadataTypedDataHash
DA:605,3
DA:606,3
FN:624,Sig712Utils.getSetHintMetadataDelegatedStructHash
FNDA:2,Sig712Utils.getSetHintMetadataDelegatedStructHash
DA:625,2
FN:644,Sig712Utils.getSetHintMetadataDelegatedTypedDataHash
FNDA:2,Sig712Utils.getSetHintMetadataDelegatedTypedDataHash
DA:645,2
DA:646,2
FN:664,Sig712Utils.getSetListMetadataStructHash
FNDA:0,Sig712Utils.getSetListMetadataStructHash
DA:665,0
FN:682,Sig712Utils.getSetListMetadataTypedDataHash
FNDA:0,Sig712Utils.getSetListMetadataTypedDataHash
DA:683,0
DA:684,0
FN:702,Sig712Utils.getSetListMetadataDelegatedStructHash
FNDA:0,Sig712Utils.getSetListMetadataDelegatedStructHash
DA:703,0
FN:720,Sig712Utils.getSetListMetadataDelegatedTypedDataHash
FNDA:0,Sig712Utils.getSetListMetadataDelegatedTypedDataHash
DA:721,0
DA:722,0
FN:740,Sig712Utils.getSetHintsMetadataStructHash
FNDA:4,Sig712Utils.getSetHintsMetadataStructHash
DA:741,4
FN:760,Sig712Utils.getSetHintsMetadataTypedDataHash
FNDA:4,Sig712Utils.getSetHintsMetadataTypedDataHash
DA:761,4
DA:762,4
FNF:33
FNH:29
LF:81
LH:72
BRF:32
BRH:29
end_of_record
