TN:
SF:script/DeployProxy.s.sol
FN:12,DeployProxy.run
FNDA:0,DeployProxy.run
DA:13,0
DA:15,0
DA:18,0
DA:19,0
DA:20,0
DA:23,0
DA:25,0
DA:26,0
DA:27,0
DA:28,0
DA:29,0
FNF:1
FNH:0
LF:11
LH:0
BRF:0
BRH:0
end_of_record
TN:
SF:script/UpgradeLogic.s.sol
FN:9,UpgradeLogic.run
FNDA:0,UpgradeLogic.run
DA:11,0
DA:12,0
DA:15,0
DA:18,0
DA:19,0
BRDA:18,0,0,-
BRDA:18,0,1,-
DA:20,0
DA:21,0
DA:25,0
DA:26,0
DA:27,0
DA:30,0
DA:32,0
DA:34,0
DA:35,0
DA:36,0
DA:37,0
DA:38,0
FNF:1
FNH:0
LF:17
LH:0
BRF:2
BRH:0
end_of_record
TN:
SF:src/TrustedHintRegistry.sol
FN:29,TrustedHintRegistry.initialize
FNDA:2,TrustedHintRegistry.initialize
DA:30,2
DA:31,2
DA:32,2
DA:33,2
DA:34,2
DA:35,2
DA:36,2
DA:37,2
FN:62,TrustedHintRegistry.getHint
FNDA:86,TrustedHintRegistry.getHint
DA:63,86
FN:73,TrustedHintRegistry._setHint
FNDA:29,TrustedHintRegistry._setHint
DA:74,29
DA:75,29
FN:85,TrustedHintRegistry.setHint
FNDA:5,TrustedHintRegistry.setHint
DA:86,2
FN:98,TrustedHintRegistry.setHintSigned
FNDA:4,TrustedHintRegistry.setHintSigned
DA:99,3
DA:108,3
DA:109,3
BRDA:109,0,0,2
BRDA:109,0,1,1
DA:110,1
DA:111,1
FN:122,TrustedHintRegistry._setHints
FNDA:4,TrustedHintRegistry._setHints
DA:123,4
DA:124,24
FN:136,TrustedHintRegistry.setHints
FNDA:3,TrustedHintRegistry.setHints
DA:137,1
FN:149,TrustedHintRegistry.setHintsSigned
FNDA:4,TrustedHintRegistry.setHintsSigned
DA:150,3
DA:159,3
DA:160,3
BRDA:160,1,0,2
BRDA:160,1,1,1
DA:161,1
DA:162,1
FN:174,TrustedHintRegistry.setHintDelegated
FNDA:3,TrustedHintRegistry.setHintDelegated
DA:175,1
FN:187,TrustedHintRegistry.setHintDelegatedSigned
FNDA:3,TrustedHintRegistry.setHintDelegatedSigned
DA:188,2
DA:197,2
DA:198,2
BRDA:198,2,0,1
BRDA:198,2,1,1
DA:199,1
DA:200,1
FN:210,TrustedHintRegistry.setHintsDelegated
FNDA:3,TrustedHintRegistry.setHintsDelegated
DA:211,1
FN:223,TrustedHintRegistry.setHintsDelegatedSigned
FNDA:3,TrustedHintRegistry.setHintsDelegatedSigned
DA:224,2
DA:233,2
DA:234,2
BRDA:234,3,0,1
BRDA:234,3,1,1
DA:235,1
DA:236,1
FN:247,TrustedHintRegistry._setListStatus
FNDA:2,TrustedHintRegistry._setListStatus
DA:248,2
DA:249,2
FN:258,TrustedHintRegistry.setListStatus
FNDA:3,TrustedHintRegistry.setListStatus
DA:259,1
FN:270,TrustedHintRegistry.setListStatusSigned
FNDA:4,TrustedHintRegistry.setListStatusSigned
DA:271,3
DA:279,3
DA:280,3
BRDA:280,4,0,2
BRDA:280,4,1,1
DA:281,1
DA:282,1
FN:291,TrustedHintRegistry._setListOwner
FNDA:5,TrustedHintRegistry._setListOwner
DA:292,5
DA:293,5
FN:302,TrustedHintRegistry.setListOwner
FNDA:5,TrustedHintRegistry.setListOwner
DA:303,3
FN:314,TrustedHintRegistry.setListOwnerSigned
FNDA:5,TrustedHintRegistry.setListOwnerSigned
DA:315,4
DA:323,4
DA:324,4
BRDA:324,5,0,2
BRDA:324,5,1,2
DA:325,2
DA:326,2
FN:336,TrustedHintRegistry._addListDelegate
FNDA:18,TrustedHintRegistry._addListDelegate
DA:337,18
BRDA:337,6,0,2
BRDA:337,6,1,16
DA:338,16
DA:339,16
FN:349,TrustedHintRegistry.addListDelegate
FNDA:18,TrustedHintRegistry.addListDelegate
DA:350,16
FN:362,TrustedHintRegistry.addListDelegateSigned
FNDA:5,TrustedHintRegistry.addListDelegateSigned
DA:363,4
DA:372,4
DA:373,4
BRDA:373,7,0,2
BRDA:373,7,1,2
DA:374,2
DA:375,2
FN:384,TrustedHintRegistry._removeListDelegate
FNDA:2,TrustedHintRegistry._removeListDelegate
DA:385,2
DA:386,2
FN:395,TrustedHintRegistry.removeListDelegate
FNDA:3,TrustedHintRegistry.removeListDelegate
DA:396,1
FN:407,TrustedHintRegistry.removeListDelegateSigned
FNDA:4,TrustedHintRegistry.removeListDelegateSigned
DA:408,3
DA:416,3
DA:417,3
BRDA:417,8,0,2
BRDA:417,8,1,1
DA:418,1
DA:419,1
FN:424,TrustedHintRegistry.version
FNDA:2,TrustedHintRegistry.version
DA:425,4
FN:428,TrustedHintRegistry.generateListLocationHash
FNDA:588,TrustedHintRegistry.generateListLocationHash
DA:429,588
FN:432,TrustedHintRegistry.identityIsOwner
FNDA:225,TrustedHintRegistry.identityIsOwner
DA:433,282
DA:434,282
BRDA:434,9,0,39
BRDA:434,9,1,243
DA:435,39
DA:436,243
BRDA:436,10,0,6
BRDA:436,10,1,237
DA:437,6
DA:439,237
FN:442,TrustedHintRegistry.identityIsDelegate
FNDA:271,TrustedHintRegistry.identityIsDelegate
DA:443,281
DA:444,281
BRDA:444,11,0,15
BRDA:444,11,1,266
DA:445,15
DA:447,266
FN:460,TrustedHintRegistry.pause
FNDA:16,TrustedHintRegistry.pause
DA:461,16
FN:464,TrustedHintRegistry.unpause
FNDA:0,TrustedHintRegistry.unpause
DA:465,0
FN:468,TrustedHintRegistry._authorizeUpgrade
FNDA:1,TrustedHintRegistry._authorizeUpgrade
FNF:31
FNH:30
LF:84
LH:83
BRF:24
BRH:24
end_of_record
TN:
SF:test/utils/Sig712Utils.sol
FN:76,Sig712Utils.getTypeHash
FNDA:32,Sig712Utils.getTypeHash
DA:77,32
BRDA:77,0,0,4
BRDA:77,0,1,28
DA:78,4
DA:79,28
BRDA:79,1,0,4
BRDA:79,1,1,24
DA:80,4
DA:81,24
BRDA:81,2,0,3
BRDA:81,2,1,21
DA:82,3
DA:83,21
BRDA:83,3,0,3
BRDA:83,3,1,18
DA:84,3
DA:85,18
BRDA:85,4,0,4
BRDA:85,4,1,14
DA:86,4
DA:87,14
BRDA:87,5,0,5
BRDA:87,5,1,9
DA:88,5
DA:89,9
BRDA:89,6,0,5
BRDA:89,6,1,4
DA:90,5
DA:91,4
BRDA:91,7,0,4
BRDA:91,7,1,-
DA:92,4
DA:94,0
FN:107,Sig712Utils.getSetHintStructHash
FNDA:4,Sig712Utils.getSetHintStructHash
DA:108,4
FN:126,Sig712Utils.getSetHintTypedDataHash
FNDA:4,Sig712Utils.getSetHintTypedDataHash
DA:127,4
DA:128,4
FN:146,Sig712Utils.getSetHintsStructHash
FNDA:4,Sig712Utils.getSetHintsStructHash
DA:147,4
FN:165,Sig712Utils.getSetHintsTypedDataHash
FNDA:4,Sig712Utils.getSetHintsTypedDataHash
DA:166,4
DA:167,4
FN:185,Sig712Utils.getSetHintDelegatedStructHash
FNDA:3,Sig712Utils.getSetHintDelegatedStructHash
DA:186,3
FN:204,Sig712Utils.getSetHintDelegatedTypedDataHash
FNDA:3,Sig712Utils.getSetHintDelegatedTypedDataHash
DA:205,3
DA:206,3
FN:224,Sig712Utils.getSetHintsDelegatedStructHash
FNDA:3,Sig712Utils.getSetHintsDelegatedStructHash
DA:225,3
FN:243,Sig712Utils.getSetHintsDelegatedTypedDataHash
FNDA:3,Sig712Utils.getSetHintsDelegatedTypedDataHash
DA:244,3
DA:245,3
FN:263,Sig712Utils.getSetListStatusStructHash
FNDA:4,Sig712Utils.getSetListStatusStructHash
DA:264,4
FN:281,Sig712Utils.getSetListStatusTypedDataHash
FNDA:4,Sig712Utils.getSetListStatusTypedDataHash
DA:282,4
DA:283,4
FN:301,Sig712Utils.getSetListOwnerStructHash
FNDA:5,Sig712Utils.getSetListOwnerStructHash
DA:302,5
FN:319,Sig712Utils.getSetListOwnerTypedDataHash
FNDA:5,Sig712Utils.getSetListOwnerTypedDataHash
DA:320,5
DA:321,5
FN:339,Sig712Utils.getAddListDelegateStructHash
FNDA:5,Sig712Utils.getAddListDelegateStructHash
DA:340,5
FN:358,Sig712Utils.getAddListDelegateTypedDataHash
FNDA:5,Sig712Utils.getAddListDelegateTypedDataHash
DA:359,5
DA:360,5
FN:378,Sig712Utils.getRemoveListDelegateStructHash
FNDA:4,Sig712Utils.getRemoveListDelegateStructHash
DA:379,4
FN:396,Sig712Utils.getRemoveListDelegateTypedDataHash
FNDA:4,Sig712Utils.getRemoveListDelegateTypedDataHash
DA:397,4
DA:398,4
FNF:17
FNH:17
LF:41
LH:40
BRF:16
BRH:15
end_of_record
